[debug] [2021-07-14T02:13:39.007Z] ----------------------------------------------------------------------
[debug] [2021-07-14T02:13:39.010Z] Command:       C:\Program Files (x86)\nodejs\node.exe C:\Users\billg\AppData\Roaming\npm\node_modules\firebase-tools\lib\bin\firebase.js deploy
[debug] [2021-07-14T02:13:39.010Z] CLI Version:   9.16.0
[debug] [2021-07-14T02:13:39.010Z] Platform:      win32
[debug] [2021-07-14T02:13:39.010Z] Node Version:  v14.17.0
[debug] [2021-07-14T02:13:39.012Z] Time:          Tue Jul 13 2021 22:13:39 GMT-0400 (Eastern Daylight Time)
[debug] [2021-07-14T02:13:39.012Z] ----------------------------------------------------------------------
[debug] 
[debug] [2021-07-14T02:13:39.088Z] > command requires scopes: ["email","openid","https://www.googleapis.com/auth/cloudplatformprojects.readonly","https://www.googleapis.com/auth/firebase","https://www.googleapis.com/auth/cloud-platform"]
[debug] [2021-07-14T02:13:39.089Z] > authorizing via signed-in user (billgan12345@gmail.com)
[debug] [2021-07-14T02:13:39.089Z] [iam] checking project escape-server-32386 for permissions ["cloudfunctions.functions.create","cloudfunctions.functions.delete","cloudfunctions.functions.get","cloudfunctions.functions.list","cloudfunctions.functions.update","cloudfunctions.operations.get","datastore.indexes.create","datastore.indexes.delete","datastore.indexes.list","datastore.indexes.update","firebase.projects.get"]
[debug] [2021-07-14T02:13:39.091Z] >>> HTTP REQUEST POST https://cloudresourcemanager.googleapis.com/v1/projects/escape-server-32386:testIamPermissions  
 {"permissions":["cloudfunctions.functions.create","cloudfunctions.functions.delete","cloudfunctions.functions.get","cloudfunctions.functions.list","cloudfunctions.functions.update","cloudfunctions.operations.get","datastore.indexes.create","datastore.indexes.delete","datastore.indexes.list","datastore.indexes.update","firebase.projects.get"]}
[debug] [2021-07-14T02:13:39.480Z] <<< HTTP RESPONSE 200 {"content-type":"application/json; charset=UTF-8","vary":"X-Origin, Referer, Origin,Accept-Encoding","date":"Wed, 14 Jul 2021 02:13:39 GMT","server":"ESF","cache-control":"private","x-xss-protection":"0","x-frame-options":"SAMEORIGIN","x-content-type-options":"nosniff","server-timing":"gfet4t7; dur=215","alt-svc":"h3=\":443\"; ma=2592000,h3-29=\":443\"; ma=2592000,h3-T051=\":443\"; ma=2592000,h3-Q050=\":443\"; ma=2592000,h3-Q046=\":443\"; ma=2592000,h3-Q043=\":443\"; ma=2592000,quic=\":443\"; ma=2592000; v=\"46,43\"","accept-ranges":"none","transfer-encoding":"chunked"}
[debug] [2021-07-14T02:13:39.482Z] >>> HTTP REQUEST POST https://iam.googleapis.com/v1/projects/escape-server-32386/serviceAccounts/escape-server-32386@appspot.gserviceaccount.com:testIamPermissions  
 {"permissions":["iam.serviceAccounts.actAs"]}
[debug] [2021-07-14T02:13:39.779Z] <<< HTTP RESPONSE 200 {"content-type":"application/json; charset=UTF-8","vary":"X-Origin, Referer, Origin,Accept-Encoding","date":"Wed, 14 Jul 2021 02:13:39 GMT","server":"ESF","cache-control":"private","x-xss-protection":"0","x-frame-options":"SAMEORIGIN","x-content-type-options":"nosniff","alt-svc":"h3=\":443\"; ma=2592000,h3-29=\":443\"; ma=2592000,h3-T051=\":443\"; ma=2592000,h3-Q050=\":443\"; ma=2592000,h3-Q046=\":443\"; ma=2592000,h3-Q043=\":443\"; ma=2592000,quic=\":443\"; ma=2592000; v=\"46,43\"","accept-ranges":"none","transfer-encoding":"chunked"}
[info] 
[info] === Deploying to 'escape-server-32386'...
[info] 
[info] i  deploying firestore, functions 
[info] i  firestore: reading indexes from firestore.indexes.json... 
[info] i  cloud.firestore: checking firestore.rules for compilation errors... 
[debug] [2021-07-14T02:13:39.786Z] >>> HTTP REQUEST POST https://firebaserules.googleapis.com/v1/projects/escape-server-32386:test  
 {"source":{"files":[{"name":"firestore.rules","content":"rules_version = '2';\nservice cloud.firestore {\n  match /databases/{database}/documents {\n    match /{document=**} {\n      allow write;\n    }\n  }\n}"}]}}
